[PRINT] Printed Invoice
{
    "id": "69cb765f16035",
    "created": "2026-03-31 07:23:11",
    "title": "Invoice Print",
    "entity": "Invoice #101",
    "printer": "HP-LaserJet",
    "computer": "PC-01",
    "warehouse": "Warehouse A"
}

[PRINT] Printed Invoice
{
    "id": "69cb76653f30a",
    "created": "2026-03-31 07:23:17",
    "title": "Invoice Print",
    "entity": "Invoice #101",
    "printer": "HP-LaserJet",
    "computer": "PC-01",
    "warehouse": "Warehouse A"
}

[PRINT] Printed Invoice
{
    "id": "69cb794be9f94",
    "created": "2026-03-31 07:35:39",
    "title": "Invoice Print",
    "entity": "Invoice #101",
    "printer": "HP-LaserJet",
    "computer": "PC-01",
    "warehouse": "Warehouse A"
}

[PRINT] Printed Invoice
{
    "id": "69cb794e30bf6",
    "created": "2026-03-31 07:35:42",
    "title": "Invoice Print",
    "entity": "Invoice #101",
    "printer": "HP-LaserJet",
    "computer": "PC-01",
    "warehouse": "Warehouse A"
}

